<?xml version="1.0" encoding="UTF-8"?>
<testng-results ignored="0" total="2" passed="2" failed="0" skipped="0">
  <reporter-output>
  </reporter-output>
  <suite started-at="2024-08-10T19:58:35 IST" name="Suite" finished-at="2024-08-10T19:59:39 IST" duration-ms="64002">
    <groups>
    </groups>
    <test started-at="2024-08-10T19:58:35 IST" name="chromeTest" finished-at="2024-08-10T19:59:21 IST" duration-ms="46214">
      <class name="ui.UiTesting">
        <test-method is-config="true" signature="setup(java.lang.String)[pri:0, instance:ui.UiTesting@2a65fe7c]" started-at="2024-08-10T19:58:35 IST" name="setup" finished-at="2024-08-10T19:58:38 IST" duration-ms="3058" status="PASS">
          <params>
            <param index="0">
              <value>
                <![CDATA[MicrosoftEdge]]>
              </value>
            </param>
          </params>
          <reporter-output>
          </reporter-output>
        </test-method> <!-- setup -->
        <test-method signature="captureScreenshots()[pri:0, instance:ui.UiTesting@2a65fe7c]" started-at="2024-08-10T19:58:38 IST" name="captureScreenshots" finished-at="2024-08-10T19:59:19 IST" duration-ms="41400" status="PASS">
          <reporter-output>
          </reporter-output>
        </test-method> <!-- captureScreenshots -->
        <test-method is-config="true" signature="tearDown()[pri:0, instance:ui.UiTesting@2a65fe7c]" started-at="2024-08-10T19:59:19 IST" name="tearDown" finished-at="2024-08-10T19:59:21 IST" duration-ms="1743" status="PASS">
          <reporter-output>
          </reporter-output>
        </test-method> <!-- tearDown -->
      </class> <!-- ui.UiTesting -->
    </test> <!-- chromeTest -->
    <test started-at="2024-08-10T19:58:35 IST" name="edgeTest" finished-at="2024-08-10T19:59:39 IST" duration-ms="64002">
      <class name="ui.UiTesting">
        <test-method is-config="true" signature="setup(java.lang.String)[pri:0, instance:ui.UiTesting@36ebc363]" started-at="2024-08-10T19:58:35 IST" name="setup" finished-at="2024-08-10T19:58:38 IST" duration-ms="2853" status="PASS">
          <params>
            <param index="0">
              <value>
                <![CDATA[chrome]]>
              </value>
            </param>
          </params>
          <reporter-output>
          </reporter-output>
        </test-method> <!-- setup -->
        <test-method signature="captureScreenshots()[pri:0, instance:ui.UiTesting@36ebc363]" started-at="2024-08-10T19:58:38 IST" name="captureScreenshots" finished-at="2024-08-10T19:59:38 IST" duration-ms="60353" status="PASS">
          <reporter-output>
          </reporter-output>
        </test-method> <!-- captureScreenshots -->
        <test-method is-config="true" signature="tearDown()[pri:0, instance:ui.UiTesting@36ebc363]" started-at="2024-08-10T19:59:38 IST" name="tearDown" finished-at="2024-08-10T19:59:39 IST" duration-ms="745" status="PASS">
          <reporter-output>
          </reporter-output>
        </test-method> <!-- tearDown -->
      </class> <!-- ui.UiTesting -->
    </test> <!-- edgeTest -->
  </suite> <!-- Suite -->
</testng-results>
